{"/Users/administrator/Desktop/News App/newsapp-backend/src/adapter/controller/index.js": {"path":"/Users/administrator/Desktop/News App/newsapp-backend/src/adapter/controller/index.js","statementMap":{"0":{"start":{"line":12,"column":21},"end":{"line":12,"column":57}},"1":{"start":{"line":15,"column":22},"end":{"line":15,"column":60}},"2":{"start":{"line":18,"column":21},"end":{"line":18,"column":52}},"3":{"start":{"line":20,"column":2},"end":{"line":24,"column":4}}},"fnMap":{"0":{"name":"initControllers","decl":{"start":{"line":6,"column":24},"end":{"line":6,"column":39}},"loc":{"start":{"line":10,"column":3},"end":{"line":25,"column":1}},"line":10}},"branchMap":{},"s":{"0":2,"1":2,"2":2,"3":2},"f":{"0":2},"b":{},"_coverageSchema":"1a1c01bbd47fc00a2c39e90264f33305004495a9","hash":"180973407956e608fc7a327184966bbf36eda7ac"}
,"/Users/administrator/Desktop/News App/newsapp-backend/src/adapter/controller/article/index.js": {"path":"/Users/administrator/Desktop/News App/newsapp-backend/src/adapter/controller/article/index.js","statementMap":{"0":{"start":{"line":7,"column":21},"end":{"line":7,"column":61}},"1":{"start":{"line":8,"column":25},"end":{"line":8,"column":46}},"2":{"start":{"line":11,"column":30},"end":{"line":32,"column":3}},"3":{"start":{"line":12,"column":16},"end":{"line":12,"column":32}},"4":{"start":{"line":13,"column":19},"end":{"line":13,"column":38}},"5":{"start":{"line":14,"column":18},"end":{"line":14,"column":73}},"6":{"start":{"line":17,"column":4},"end":{"line":26,"column":5}},"7":{"start":{"line":18,"column":21},"end":{"line":21,"column":7}},"8":{"start":{"line":24,"column":6},"end":{"line":24,"column":37}},"9":{"start":{"line":25,"column":6},"end":{"line":25,"column":13}},"10":{"start":{"line":28,"column":4},"end":{"line":31,"column":7}},"11":{"start":{"line":35,"column":34},"end":{"line":78,"column":3}},"12":{"start":{"line":36,"column":19},"end":{"line":36,"column":38}},"13":{"start":{"line":37,"column":18},"end":{"line":37,"column":32}},"14":{"start":{"line":38,"column":17},"end":{"line":38,"column":45}},"15":{"start":{"line":39,"column":18},"end":{"line":39,"column":20}},"16":{"start":{"line":41,"column":4},"end":{"line":45,"column":5}},"17":{"start":{"line":42,"column":6},"end":{"line":42,"column":34}},"18":{"start":{"line":44,"column":6},"end":{"line":44,"column":18}},"19":{"start":{"line":47,"column":17},"end":{"line":52,"column":5}},"20":{"start":{"line":54,"column":4},"end":{"line":68,"column":5}},"21":{"start":{"line":55,"column":21},"end":{"line":63,"column":7}},"22":{"start":{"line":66,"column":6},"end":{"line":66,"column":37}},"23":{"start":{"line":67,"column":6},"end":{"line":67,"column":13}},"24":{"start":{"line":70,"column":19},"end":{"line":74,"column":5}},"25":{"start":{"line":77,"column":4},"end":{"line":77,"column":35}},"26":{"start":{"line":81,"column":25},"end":{"line":128,"column":3}},"27":{"start":{"line":82,"column":19},"end":{"line":82,"column":38}},"28":{"start":{"line":83,"column":14},"end":{"line":83,"column":25}},"29":{"start":{"line":84,"column":18},"end":{"line":84,"column":32}},"30":{"start":{"line":85,"column":17},"end":{"line":85,"column":45}},"31":{"start":{"line":86,"column":18},"end":{"line":86,"column":20}},"32":{"start":{"line":88,"column":4},"end":{"line":92,"column":5}},"33":{"start":{"line":89,"column":6},"end":{"line":89,"column":34}},"34":{"start":{"line":91,"column":6},"end":{"line":91,"column":18}},"35":{"start":{"line":94,"column":17},"end":{"line":100,"column":5}},"36":{"start":{"line":102,"column":4},"end":{"line":117,"column":5}},"37":{"start":{"line":103,"column":21},"end":{"line":112,"column":7}},"38":{"start":{"line":115,"column":6},"end":{"line":115,"column":37}},"39":{"start":{"line":116,"column":6},"end":{"line":116,"column":13}},"40":{"start":{"line":119,"column":19},"end":{"line":124,"column":5}},"41":{"start":{"line":127,"column":4},"end":{"line":127,"column":35}},"42":{"start":{"line":130,"column":2},"end":{"line":134,"column":4}}},"fnMap":{"0":{"name":"articleController","decl":{"start":{"line":6,"column":24},"end":{"line":6,"column":41}},"loc":{"start":{"line":6,"column":65},"end":{"line":135,"column":1}},"line":6},"1":{"name":"(anonymous_1)","decl":{"start":{"line":11,"column":30},"end":{"line":11,"column":31}},"loc":{"start":{"line":11,"column":50},"end":{"line":32,"column":3}},"line":11},"2":{"name":"(anonymous_2)","decl":{"start":{"line":35,"column":34},"end":{"line":35,"column":35}},"loc":{"start":{"line":35,"column":54},"end":{"line":78,"column":3}},"line":35},"3":{"name":"(anonymous_3)","decl":{"start":{"line":81,"column":25},"end":{"line":81,"column":26}},"loc":{"start":{"line":81,"column":45},"end":{"line":128,"column":3}},"line":81}},"branchMap":{"0":{"loc":{"start":{"line":17,"column":4},"end":{"line":26,"column":5}},"type":"if","locations":[{"start":{"line":17,"column":4},"end":{"line":26,"column":5}},{"start":{},"end":{}}],"line":17},"1":{"loc":{"start":{"line":38,"column":17},"end":{"line":38,"column":45}},"type":"binary-expr","locations":[{"start":{"line":38,"column":17},"end":{"line":38,"column":33}},{"start":{"line":38,"column":37},"end":{"line":38,"column":45}}],"line":38},"2":{"loc":{"start":{"line":54,"column":4},"end":{"line":68,"column":5}},"type":"if","locations":[{"start":{"line":54,"column":4},"end":{"line":68,"column":5}},{"start":{},"end":{}}],"line":54},"3":{"loc":{"start":{"line":85,"column":17},"end":{"line":85,"column":45}},"type":"binary-expr","locations":[{"start":{"line":85,"column":17},"end":{"line":85,"column":33}},{"start":{"line":85,"column":37},"end":{"line":85,"column":45}}],"line":85},"4":{"loc":{"start":{"line":102,"column":4},"end":{"line":117,"column":5}},"type":"if","locations":[{"start":{"line":102,"column":4},"end":{"line":117,"column":5}},{"start":{},"end":{}}],"line":102}},"s":{"0":2,"1":2,"2":2,"3":3,"4":3,"5":3,"6":3,"7":1,"8":1,"9":1,"10":2,"11":2,"12":2,"13":2,"14":2,"15":2,"16":2,"17":2,"18":0,"19":2,"20":2,"21":1,"22":1,"23":1,"24":1,"25":1,"26":2,"27":3,"28":3,"29":3,"30":3,"31":3,"32":3,"33":3,"34":0,"35":3,"36":3,"37":1,"38":1,"39":1,"40":2,"41":2,"42":2},"f":{"0":2,"1":3,"2":2,"3":3},"b":{"0":[1,2],"1":[2,1],"2":[1,1],"3":[3,1],"4":[1,2]},"_coverageSchema":"1a1c01bbd47fc00a2c39e90264f33305004495a9","hash":"1ac2d952eaad1eb25a9292fa4c96c9edf17543e0"}
,"/Users/administrator/Desktop/News App/newsapp-backend/src/adapter/controller/categories/index.js": {"path":"/Users/administrator/Desktop/News App/newsapp-backend/src/adapter/controller/categories/index.js","statementMap":{"0":{"start":{"line":6,"column":21},"end":{"line":6,"column":63}},"1":{"start":{"line":7,"column":26},"end":{"line":7,"column":48}},"2":{"start":{"line":10,"column":29},"end":{"line":18,"column":3}},"3":{"start":{"line":11,"column":19},"end":{"line":14,"column":5}},"4":{"start":{"line":17,"column":4},"end":{"line":17,"column":35}},"5":{"start":{"line":20,"column":2},"end":{"line":22,"column":4}}},"fnMap":{"0":{"name":"categoryController","decl":{"start":{"line":5,"column":24},"end":{"line":5,"column":42}},"loc":{"start":{"line":5,"column":67},"end":{"line":23,"column":1}},"line":5},"1":{"name":"(anonymous_1)","decl":{"start":{"line":10,"column":29},"end":{"line":10,"column":30}},"loc":{"start":{"line":10,"column":49},"end":{"line":18,"column":3}},"line":10}},"branchMap":{},"s":{"0":2,"1":2,"2":2,"3":1,"4":1,"5":2},"f":{"0":2,"1":1},"b":{},"_coverageSchema":"1a1c01bbd47fc00a2c39e90264f33305004495a9","hash":"f343474b089a1fc0f6df39829bc819965e2cca7b"}
,"/Users/administrator/Desktop/News App/newsapp-backend/src/adapter/controller/service/index.js": {"path":"/Users/administrator/Desktop/News App/newsapp-backend/src/adapter/controller/service/index.js","statementMap":{"0":{"start":{"line":7,"column":17},"end":{"line":7,"column":36}},"1":{"start":{"line":8,"column":17},"end":{"line":8,"column":47}},"2":{"start":{"line":11,"column":19},"end":{"line":38,"column":3}},"3":{"start":{"line":12,"column":15},"end":{"line":12,"column":28}},"4":{"start":{"line":13,"column":16},"end":{"line":13,"column":30}},"5":{"start":{"line":14,"column":19},"end":{"line":14,"column":52}},"6":{"start":{"line":17,"column":20},"end":{"line":17,"column":47}},"7":{"start":{"line":18,"column":21},"end":{"line":18,"column":50}},"8":{"start":{"line":21,"column":4},"end":{"line":29,"column":5}},"9":{"start":{"line":22,"column":21},"end":{"line":25,"column":7}},"10":{"start":{"line":28,"column":6},"end":{"line":28,"column":37}},"11":{"start":{"line":32,"column":4},"end":{"line":34,"column":7}},"12":{"start":{"line":37,"column":4},"end":{"line":37,"column":26}},"13":{"start":{"line":40,"column":2},"end":{"line":42,"column":4}}},"fnMap":{"0":{"name":"serviceController","decl":{"start":{"line":6,"column":24},"end":{"line":6,"column":41}},"loc":{"start":{"line":6,"column":60},"end":{"line":43,"column":1}},"line":6},"1":{"name":"(anonymous_1)","decl":{"start":{"line":11,"column":19},"end":{"line":11,"column":20}},"loc":{"start":{"line":11,"column":39},"end":{"line":38,"column":3}},"line":11}},"branchMap":{"0":{"loc":{"start":{"line":14,"column":19},"end":{"line":14,"column":52}},"type":"binary-expr","locations":[{"start":{"line":14,"column":19},"end":{"line":14,"column":36}},{"start":{"line":14,"column":40},"end":{"line":14,"column":52}}],"line":14},"1":{"loc":{"start":{"line":21,"column":4},"end":{"line":29,"column":5}},"type":"if","locations":[{"start":{"line":21,"column":4},"end":{"line":29,"column":5}},{"start":{},"end":{}}],"line":21},"2":{"loc":{"start":{"line":21,"column":8},"end":{"line":21,"column":31}},"type":"binary-expr","locations":[{"start":{"line":21,"column":8},"end":{"line":21,"column":17}},{"start":{"line":21,"column":21},"end":{"line":21,"column":31}}],"line":21}},"s":{"0":2,"1":2,"2":2,"3":0,"4":0,"5":0,"6":0,"7":0,"8":0,"9":0,"10":0,"11":0,"12":0,"13":2},"f":{"0":2,"1":0},"b":{"0":[0,0],"1":[0,0],"2":[0,0]},"_coverageSchema":"1a1c01bbd47fc00a2c39e90264f33305004495a9","hash":"d8c2e8b2345382287ef29e697b3d61cfa7e3347d"}
,"/Users/administrator/Desktop/News App/newsapp-backend/src/application/repositories/article/index.js": {"path":"/Users/administrator/Desktop/News App/newsapp-backend/src/application/repositories/article/index.js","statementMap":{"0":{"start":{"line":4,"column":19},"end":{"line":4,"column":50}},"1":{"start":{"line":4,"column":27},"end":{"line":4,"column":50}},"2":{"start":{"line":7,"column":22},"end":{"line":8,"column":43}},"3":{"start":{"line":8,"column":4},"end":{"line":8,"column":43}},"4":{"start":{"line":11,"column":25},"end":{"line":12,"column":65}},"5":{"start":{"line":12,"column":4},"end":{"line":12,"column":65}},"6":{"start":{"line":15,"column":24},"end":{"line":16,"column":71}},"7":{"start":{"line":16,"column":4},"end":{"line":16,"column":71}},"8":{"start":{"line":19,"column":14},"end":{"line":19,"column":70}},"9":{"start":{"line":19,"column":37},"end":{"line":19,"column":70}},"10":{"start":{"line":22,"column":22},"end":{"line":23,"column":46}},"11":{"start":{"line":23,"column":4},"end":{"line":23,"column":46}},"12":{"start":{"line":25,"column":2},"end":{"line":32,"column":4}}},"fnMap":{"0":{"name":"articleRepository","decl":{"start":{"line":2,"column":24},"end":{"line":2,"column":41}},"loc":{"start":{"line":2,"column":54},"end":{"line":33,"column":1}},"line":2},"1":{"name":"(anonymous_1)","decl":{"start":{"line":4,"column":19},"end":{"line":4,"column":20}},"loc":{"start":{"line":4,"column":27},"end":{"line":4,"column":50}},"line":4},"2":{"name":"(anonymous_2)","decl":{"start":{"line":7,"column":22},"end":{"line":7,"column":23}},"loc":{"start":{"line":8,"column":4},"end":{"line":8,"column":43}},"line":8},"3":{"name":"(anonymous_3)","decl":{"start":{"line":11,"column":25},"end":{"line":11,"column":26}},"loc":{"start":{"line":12,"column":4},"end":{"line":12,"column":65}},"line":12},"4":{"name":"(anonymous_4)","decl":{"start":{"line":15,"column":24},"end":{"line":15,"column":25}},"loc":{"start":{"line":16,"column":4},"end":{"line":16,"column":71}},"line":16},"5":{"name":"(anonymous_5)","decl":{"start":{"line":19,"column":14},"end":{"line":19,"column":15}},"loc":{"start":{"line":19,"column":37},"end":{"line":19,"column":70}},"line":19},"6":{"name":"(anonymous_6)","decl":{"start":{"line":22,"column":22},"end":{"line":22,"column":23}},"loc":{"start":{"line":23,"column":4},"end":{"line":23,"column":46}},"line":23}},"branchMap":{},"s":{"0":6,"1":2,"2":6,"3":6,"4":6,"5":10,"6":6,"7":8,"8":6,"9":5,"10":6,"11":9,"12":6},"f":{"0":6,"1":2,"2":6,"3":10,"4":8,"5":5,"6":9},"b":{},"_coverageSchema":"1a1c01bbd47fc00a2c39e90264f33305004495a9","hash":"b8f1392bea403ff2e2000f0886dc184754edc5e9"}
,"/Users/administrator/Desktop/News App/newsapp-backend/src/application/repositories/category/index.js": {"path":"/Users/administrator/Desktop/News App/newsapp-backend/src/application/repositories/category/index.js","statementMap":{"0":{"start":{"line":4,"column":18},"end":{"line":4,"column":44}},"1":{"start":{"line":4,"column":24},"end":{"line":4,"column":44}},"2":{"start":{"line":6,"column":2},"end":{"line":8,"column":4}}},"fnMap":{"0":{"name":"categoryRepository","decl":{"start":{"line":2,"column":24},"end":{"line":2,"column":42}},"loc":{"start":{"line":2,"column":55},"end":{"line":9,"column":1}},"line":2},"1":{"name":"(anonymous_1)","decl":{"start":{"line":4,"column":18},"end":{"line":4,"column":19}},"loc":{"start":{"line":4,"column":24},"end":{"line":4,"column":44}},"line":4}},"branchMap":{},"s":{"0":6,"1":6,"2":6},"f":{"0":6,"1":6},"b":{},"_coverageSchema":"1a1c01bbd47fc00a2c39e90264f33305004495a9","hash":"a81a218ad2c2ceeb7a0661e54f932ff5aa3b7124"}
,"/Users/administrator/Desktop/News App/newsapp-backend/src/application/services/article/index.js": {"path":"/Users/administrator/Desktop/News App/newsapp-backend/src/application/services/article/index.js","statementMap":{"0":{"start":{"line":11,"column":20},"end":{"line":11,"column":69}},"1":{"start":{"line":12,"column":21},"end":{"line":12,"column":72}},"2":{"start":{"line":15,"column":24},"end":{"line":17,"column":3}},"3":{"start":{"line":16,"column":4},"end":{"line":16,"column":43}},"4":{"start":{"line":20,"column":16},"end":{"line":43,"column":3}},"5":{"start":{"line":21,"column":20},"end":{"line":21,"column":22}},"6":{"start":{"line":22,"column":21},"end":{"line":22,"column":43}},"7":{"start":{"line":24,"column":4},"end":{"line":40,"column":7}},"8":{"start":{"line":26,"column":21},"end":{"line":26,"column":44}},"9":{"start":{"line":27,"column":6},"end":{"line":37,"column":26}},"10":{"start":{"line":30,"column":10},"end":{"line":35,"column":11}},"11":{"start":{"line":31,"column":27},"end":{"line":31,"column":55}},"12":{"start":{"line":34,"column":12},"end":{"line":34,"column":56}},"13":{"start":{"line":39,"column":6},"end":{"line":39,"column":31}},"14":{"start":{"line":42,"column":4},"end":{"line":42,"column":21}},"15":{"start":{"line":45,"column":2},"end":{"line":48,"column":4}}},"fnMap":{"0":{"name":"articleService","decl":{"start":{"line":5,"column":24},"end":{"line":5,"column":38}},"loc":{"start":{"line":9,"column":2},"end":{"line":49,"column":1}},"line":9},"1":{"name":"(anonymous_1)","decl":{"start":{"line":15,"column":24},"end":{"line":15,"column":25}},"loc":{"start":{"line":15,"column":38},"end":{"line":17,"column":3}},"line":15},"2":{"name":"(anonymous_2)","decl":{"start":{"line":20,"column":16},"end":{"line":20,"column":17}},"loc":{"start":{"line":20,"column":22},"end":{"line":43,"column":3}},"line":20},"3":{"name":"(anonymous_3)","decl":{"start":{"line":24,"column":23},"end":{"line":24,"column":24}},"loc":{"start":{"line":24,"column":37},"end":{"line":40,"column":5}},"line":24},"4":{"name":"(anonymous_4)","decl":{"start":{"line":28,"column":14},"end":{"line":28,"column":15}},"loc":{"start":{"line":28,"column":28},"end":{"line":36,"column":9}},"line":28},"5":{"name":"(anonymous_5)","decl":{"start":{"line":37,"column":15},"end":{"line":37,"column":16}},"loc":{"start":{"line":37,"column":22},"end":{"line":37,"column":24}},"line":37}},"branchMap":{"0":{"loc":{"start":{"line":30,"column":10},"end":{"line":35,"column":11}},"type":"if","locations":[{"start":{"line":30,"column":10},"end":{"line":35,"column":11}},{"start":{},"end":{}}],"line":30},"1":{"loc":{"start":{"line":30,"column":14},"end":{"line":30,"column":59}},"type":"binary-expr","locations":[{"start":{"line":30,"column":14},"end":{"line":30,"column":27}},{"start":{"line":30,"column":31},"end":{"line":30,"column":59}}],"line":30},"2":{"loc":{"start":{"line":31,"column":27},"end":{"line":31,"column":55}},"type":"binary-expr","locations":[{"start":{"line":31,"column":27},"end":{"line":31,"column":49}},{"start":{"line":31,"column":53},"end":{"line":31,"column":55}}],"line":31}},"s":{"0":2,"1":2,"2":2,"3":14,"4":2,"5":2,"6":2,"7":2,"8":14,"9":14,"10":0,"11":0,"12":0,"13":14,"14":2,"15":2},"f":{"0":2,"1":14,"2":2,"3":14,"4":0,"5":14},"b":{"0":[0,0],"1":[0,0],"2":[0,0]},"_coverageSchema":"1a1c01bbd47fc00a2c39e90264f33305004495a9","hash":"246fda2779a1894513870b8ab4357eebed6c353f"}
,"/Users/administrator/Desktop/News App/newsapp-backend/src/application/services/email/index.js": {"path":"/Users/administrator/Desktop/News App/newsapp-backend/src/application/services/email/index.js","statementMap":{"0":{"start":{"line":6,"column":20},"end":{"line":18,"column":3}},"1":{"start":{"line":7,"column":15},"end":{"line":9,"column":27}},"2":{"start":{"line":10,"column":18},"end":{"line":12,"column":28}},"3":{"start":{"line":13,"column":15},"end":{"line":15,"column":50}},"4":{"start":{"line":17,"column":4},"end":{"line":17,"column":47}},"5":{"start":{"line":20,"column":2},"end":{"line":22,"column":4}}},"fnMap":{"0":{"name":"emailService","decl":{"start":{"line":4,"column":24},"end":{"line":4,"column":36}},"loc":{"start":{"line":4,"column":46},"end":{"line":23,"column":1}},"line":4},"1":{"name":"(anonymous_1)","decl":{"start":{"line":6,"column":20},"end":{"line":6,"column":21}},"loc":{"start":{"line":6,"column":40},"end":{"line":18,"column":3}},"line":6}},"branchMap":{"0":{"loc":{"start":{"line":7,"column":15},"end":{"line":9,"column":27}},"type":"cond-expr","locations":[{"start":{"line":8,"column":8},"end":{"line":8,"column":46}},{"start":{"line":9,"column":8},"end":{"line":9,"column":27}}],"line":7},"1":{"loc":{"start":{"line":8,"column":8},"end":{"line":8,"column":46}},"type":"binary-expr","locations":[{"start":{"line":8,"column":8},"end":{"line":8,"column":23}},{"start":{"line":8,"column":27},"end":{"line":8,"column":46}}],"line":8},"2":{"loc":{"start":{"line":10,"column":18},"end":{"line":12,"column":28}},"type":"cond-expr","locations":[{"start":{"line":11,"column":8},"end":{"line":11,"column":50}},{"start":{"line":12,"column":8},"end":{"line":12,"column":28}}],"line":10},"3":{"loc":{"start":{"line":11,"column":8},"end":{"line":11,"column":50}},"type":"binary-expr","locations":[{"start":{"line":11,"column":8},"end":{"line":11,"column":26}},{"start":{"line":11,"column":30},"end":{"line":11,"column":50}}],"line":11},"4":{"loc":{"start":{"line":13,"column":15},"end":{"line":15,"column":50}},"type":"cond-expr","locations":[{"start":{"line":14,"column":8},"end":{"line":14,"column":69}},{"start":{"line":15,"column":8},"end":{"line":15,"column":50}}],"line":13},"5":{"loc":{"start":{"line":14,"column":8},"end":{"line":14,"column":69}},"type":"binary-expr","locations":[{"start":{"line":14,"column":8},"end":{"line":14,"column":23}},{"start":{"line":14,"column":27},"end":{"line":14,"column":69}}],"line":14}},"s":{"0":2,"1":0,"2":0,"3":0,"4":0,"5":2},"f":{"0":2,"1":0},"b":{"0":[0,0],"1":[0,0],"2":[0,0],"3":[0,0],"4":[0,0],"5":[0,0]},"_coverageSchema":"1a1c01bbd47fc00a2c39e90264f33305004495a9","hash":"9b94d8e0eed298cf5976433c6d116c4dd583c16c"}
,"/Users/administrator/Desktop/News App/newsapp-backend/src/application/services/validation/index.js": {"path":"/Users/administrator/Desktop/News App/newsapp-backend/src/application/services/validation/index.js","statementMap":{"0":{"start":{"line":4,"column":23},"end":{"line":7,"column":3}},"1":{"start":{"line":5,"column":24},"end":{"line":5,"column":39}},"2":{"start":{"line":6,"column":4},"end":{"line":6,"column":57}},"3":{"start":{"line":10,"column":24},"end":{"line":17,"column":3}},"4":{"start":{"line":12,"column":6},"end":{"line":14,"column":7}},"5":{"start":{"line":16,"column":4},"end":{"line":16,"column":67}},"6":{"start":{"line":19,"column":2},"end":{"line":22,"column":4}}},"fnMap":{"0":{"name":"validationService","decl":{"start":{"line":2,"column":24},"end":{"line":2,"column":41}},"loc":{"start":{"line":2,"column":44},"end":{"line":23,"column":1}},"line":2},"1":{"name":"(anonymous_1)","decl":{"start":{"line":4,"column":23},"end":{"line":4,"column":24}},"loc":{"start":{"line":4,"column":33},"end":{"line":7,"column":3}},"line":4},"2":{"name":"(anonymous_2)","decl":{"start":{"line":10,"column":24},"end":{"line":10,"column":25}},"loc":{"start":{"line":10,"column":35},"end":{"line":17,"column":3}},"line":10}},"branchMap":{"0":{"loc":{"start":{"line":6,"column":11},"end":{"line":6,"column":56}},"type":"cond-expr","locations":[{"start":{"line":6,"column":25},"end":{"line":6,"column":27}},{"start":{"line":6,"column":30},"end":{"line":6,"column":56}}],"line":6},"1":{"loc":{"start":{"line":16,"column":11},"end":{"line":16,"column":66}},"type":"cond-expr","locations":[{"start":{"line":16,"column":26},"end":{"line":16,"column":28}},{"start":{"line":16,"column":31},"end":{"line":16,"column":66}}],"line":16}},"s":{"0":2,"1":0,"2":0,"3":2,"4":0,"5":0,"6":2},"f":{"0":2,"1":0,"2":0},"b":{"0":[0,0],"1":[0,0]},"_coverageSchema":"1a1c01bbd47fc00a2c39e90264f33305004495a9","hash":"b860ebd497d739803a0402ee29db6bcc1ef83bbd"}
,"/Users/administrator/Desktop/News App/newsapp-backend/src/application/use_cases/article/index.js": {"path":"/Users/administrator/Desktop/News App/newsapp-backend/src/application/use_cases/article/index.js","statementMap":{"0":{"start":{"line":6,"column":22},"end":{"line":8,"column":3}},"1":{"start":{"line":7,"column":4},"end":{"line":7,"column":52}},"2":{"start":{"line":11,"column":25},"end":{"line":13,"column":3}},"3":{"start":{"line":12,"column":4},"end":{"line":12,"column":74}},"4":{"start":{"line":16,"column":24},"end":{"line":29,"column":3}},"5":{"start":{"line":18,"column":4},"end":{"line":26,"column":5}},"6":{"start":{"line":19,"column":6},"end":{"line":25,"column":8}},"7":{"start":{"line":28,"column":4},"end":{"line":28,"column":14}},"8":{"start":{"line":31,"column":2},"end":{"line":35,"column":4}}},"fnMap":{"0":{"name":"articleUseCase","decl":{"start":{"line":4,"column":24},"end":{"line":4,"column":38}},"loc":{"start":{"line":4,"column":52},"end":{"line":36,"column":1}},"line":4},"1":{"name":"(anonymous_1)","decl":{"start":{"line":6,"column":22},"end":{"line":6,"column":23}},"loc":{"start":{"line":6,"column":43},"end":{"line":8,"column":3}},"line":6},"2":{"name":"(anonymous_2)","decl":{"start":{"line":11,"column":25},"end":{"line":11,"column":26}},"loc":{"start":{"line":11,"column":65},"end":{"line":13,"column":3}},"line":11},"3":{"name":"(anonymous_3)","decl":{"start":{"line":16,"column":24},"end":{"line":16,"column":25}},"loc":{"start":{"line":16,"column":71},"end":{"line":29,"column":3}},"line":16}},"branchMap":{"0":{"loc":{"start":{"line":18,"column":4},"end":{"line":26,"column":5}},"type":"if","locations":[{"start":{"line":18,"column":4},"end":{"line":26,"column":5}},{"start":{},"end":{}}],"line":18},"1":{"loc":{"start":{"line":18,"column":8},"end":{"line":18,"column":33}},"type":"binary-expr","locations":[{"start":{"line":18,"column":8},"end":{"line":18,"column":13}},{"start":{"line":18,"column":17},"end":{"line":18,"column":33}}],"line":18}},"s":{"0":2,"1":3,"2":2,"3":2,"4":2,"5":3,"6":3,"7":0,"8":2},"f":{"0":2,"1":3,"2":2,"3":3},"b":{"0":[3,0],"1":[3,3]},"_coverageSchema":"1a1c01bbd47fc00a2c39e90264f33305004495a9","hash":"f57fa6545538ec2fb7eddc1b2c8829d45c8bea3a"}
,"/Users/administrator/Desktop/News App/newsapp-backend/src/application/use_cases/category/index.js": {"path":"/Users/administrator/Desktop/News App/newsapp-backend/src/application/use_cases/category/index.js","statementMap":{"0":{"start":{"line":4,"column":18},"end":{"line":6,"column":3}},"1":{"start":{"line":5,"column":4},"end":{"line":5,"column":34}},"2":{"start":{"line":8,"column":2},"end":{"line":10,"column":4}}},"fnMap":{"0":{"name":"categoryUseCase","decl":{"start":{"line":2,"column":24},"end":{"line":2,"column":39}},"loc":{"start":{"line":2,"column":54},"end":{"line":11,"column":1}},"line":2},"1":{"name":"(anonymous_1)","decl":{"start":{"line":4,"column":18},"end":{"line":4,"column":19}},"loc":{"start":{"line":4,"column":24},"end":{"line":6,"column":3}},"line":4}},"branchMap":{},"s":{"0":2,"1":1,"2":2},"f":{"0":2,"1":1},"b":{},"_coverageSchema":"1a1c01bbd47fc00a2c39e90264f33305004495a9","hash":"cb9446272a4430f54c27c4e8949e3f322eef94d5"}
,"/Users/administrator/Desktop/News App/newsapp-backend/src/config/config.js": {"path":"/Users/administrator/Desktop/News App/newsapp-backend/src/config/config.js","statementMap":{"0":{"start":{"line":4,"column":0},"end":{"line":4,"column":16}}},"fnMap":{},"branchMap":{"0":{"loc":{"start":{"line":7,"column":8},"end":{"line":7,"column":32}},"type":"binary-expr","locations":[{"start":{"line":7,"column":8},"end":{"line":7,"column":24}},{"start":{"line":7,"column":28},"end":{"line":7,"column":32}}],"line":7},"1":{"loc":{"start":{"line":8,"column":6},"end":{"line":8,"column":46}},"type":"binary-expr","locations":[{"start":{"line":8,"column":6},"end":{"line":8,"column":31}},{"start":{"line":8,"column":35},"end":{"line":8,"column":46}}],"line":8},"2":{"loc":{"start":{"line":9,"column":11},"end":{"line":9,"column":67}},"type":"binary-expr","locations":[{"start":{"line":9,"column":11},"end":{"line":9,"column":40}},{"start":{"line":9,"column":44},"end":{"line":9,"column":67}}],"line":9},"3":{"loc":{"start":{"line":16,"column":13},"end":{"line":16,"column":51}},"type":"binary-expr","locations":[{"start":{"line":16,"column":13},"end":{"line":16,"column":44}},{"start":{"line":16,"column":48},"end":{"line":16,"column":51}}],"line":16}},"s":{"0":2},"f":{},"b":{"0":[2,0],"1":[2,0],"2":[2,0],"3":[2,0]},"_coverageSchema":"1a1c01bbd47fc00a2c39e90264f33305004495a9","hash":"665c37d6dddf1da27bb897f84ac702d89239bdfb"}
,"/Users/administrator/Desktop/News App/newsapp-backend/src/entities/article/index.js": {"path":"/Users/administrator/Desktop/News App/newsapp-backend/src/entities/article/index.js","statementMap":{"0":{"start":{"line":13,"column":6},"end":{"line":24,"column":1}}},"fnMap":{"0":{"name":"(anonymous_0)","decl":{"start":{"line":2,"column":15},"end":{"line":2,"column":16}},"loc":{"start":{"line":13,"column":6},"end":{"line":24,"column":1}},"line":13}},"branchMap":{"0":{"loc":{"start":{"line":5,"column":2},"end":{"line":5,"column":13}},"type":"default-arg","locations":[{"start":{"line":5,"column":11},"end":{"line":5,"column":13}}],"line":5},"1":{"loc":{"start":{"line":6,"column":2},"end":{"line":6,"column":13}},"type":"default-arg","locations":[{"start":{"line":6,"column":11},"end":{"line":6,"column":13}}],"line":6},"2":{"loc":{"start":{"line":7,"column":2},"end":{"line":7,"column":12}},"type":"default-arg","locations":[{"start":{"line":7,"column":10},"end":{"line":7,"column":12}}],"line":7},"3":{"loc":{"start":{"line":8,"column":2},"end":{"line":8,"column":18}},"type":"default-arg","locations":[{"start":{"line":8,"column":16},"end":{"line":8,"column":18}}],"line":8},"4":{"loc":{"start":{"line":9,"column":2},"end":{"line":9,"column":10}},"type":"default-arg","locations":[{"start":{"line":9,"column":8},"end":{"line":9,"column":10}}],"line":9},"5":{"loc":{"start":{"line":10,"column":2},"end":{"line":10,"column":17}},"type":"default-arg","locations":[{"start":{"line":10,"column":15},"end":{"line":10,"column":17}}],"line":10},"6":{"loc":{"start":{"line":11,"column":2},"end":{"line":11,"column":18}},"type":"default-arg","locations":[{"start":{"line":11,"column":16},"end":{"line":11,"column":18}}],"line":11},"7":{"loc":{"start":{"line":12,"column":2},"end":{"line":12,"column":14}},"type":"default-arg","locations":[{"start":{"line":12,"column":12},"end":{"line":12,"column":14}}],"line":12}},"s":{"0":129},"f":{"0":129},"b":{"0":[127],"1":[0],"2":[0],"3":[0],"4":[0],"5":[0],"6":[0],"7":[0]},"_coverageSchema":"1a1c01bbd47fc00a2c39e90264f33305004495a9","hash":"8c861c89a30415845644b2e063ba08b1677dc5b4"}
,"/Users/administrator/Desktop/News App/newsapp-backend/src/entities/constants/index.js": {"path":"/Users/administrator/Desktop/News App/newsapp-backend/src/entities/constants/index.js","statementMap":{"0":{"start":{"line":1,"column":21},"end":{"line":1,"column":26}}},"fnMap":{},"branchMap":{},"s":{"0":3},"f":{},"b":{},"_coverageSchema":"1a1c01bbd47fc00a2c39e90264f33305004495a9","hash":"5472d4590eb362d5952b774937adcb836fffb92d"}
,"/Users/administrator/Desktop/News App/newsapp-backend/src/frameworks/repositories/article/index.js": {"path":"/Users/administrator/Desktop/News App/newsapp-backend/src/frameworks/repositories/article/index.js","statementMap":{"0":{"start":{"line":5,"column":21},"end":{"line":5,"column":23}},"1":{"start":{"line":10,"column":19},"end":{"line":20,"column":3}},"2":{"start":{"line":11,"column":18},"end":{"line":11,"column":22}},"3":{"start":{"line":12,"column":4},"end":{"line":17,"column":7}},"4":{"start":{"line":13,"column":6},"end":{"line":16,"column":7}},"5":{"start":{"line":14,"column":8},"end":{"line":14,"column":26}},"6":{"start":{"line":15,"column":8},"end":{"line":15,"column":15}},"7":{"start":{"line":19,"column":4},"end":{"line":19,"column":19}},"8":{"start":{"line":23,"column":22},"end":{"line":33,"column":3}},"9":{"start":{"line":24,"column":18},"end":{"line":24,"column":22}},"10":{"start":{"line":25,"column":4},"end":{"line":30,"column":7}},"11":{"start":{"line":26,"column":6},"end":{"line":29,"column":7}},"12":{"start":{"line":27,"column":8},"end":{"line":27,"column":26}},"13":{"start":{"line":28,"column":8},"end":{"line":28,"column":15}},"14":{"start":{"line":32,"column":4},"end":{"line":32,"column":19}},"15":{"start":{"line":36,"column":25},"end":{"line":52,"column":3}},"16":{"start":{"line":37,"column":16},"end":{"line":37,"column":30}},"17":{"start":{"line":38,"column":4},"end":{"line":40,"column":5}},"18":{"start":{"line":39,"column":6},"end":{"line":39,"column":70}},"19":{"start":{"line":39,"column":40},"end":{"line":39,"column":68}},"20":{"start":{"line":42,"column":21},"end":{"line":42,"column":33}},"21":{"start":{"line":43,"column":21},"end":{"line":43,"column":63}},"22":{"start":{"line":44,"column":20},"end":{"line":44,"column":37}},"23":{"start":{"line":45,"column":20},"end":{"line":45,"column":51}},"24":{"start":{"line":47,"column":4},"end":{"line":49,"column":5}},"25":{"start":{"line":48,"column":6},"end":{"line":48,"column":73}},"26":{"start":{"line":51,"column":4},"end":{"line":51,"column":39}},"27":{"start":{"line":55,"column":24},"end":{"line":78,"column":3}},"28":{"start":{"line":56,"column":16},"end":{"line":56,"column":30}},"29":{"start":{"line":57,"column":4},"end":{"line":66,"column":5}},"30":{"start":{"line":58,"column":6},"end":{"line":60,"column":8}},"31":{"start":{"line":59,"column":8},"end":{"line":59,"column":65}},"32":{"start":{"line":62,"column":6},"end":{"line":65,"column":8}},"33":{"start":{"line":64,"column":10},"end":{"line":64,"column":71}},"34":{"start":{"line":68,"column":21},"end":{"line":68,"column":33}},"35":{"start":{"line":69,"column":21},"end":{"line":69,"column":63}},"36":{"start":{"line":70,"column":20},"end":{"line":70,"column":37}},"37":{"start":{"line":71,"column":20},"end":{"line":71,"column":51}},"38":{"start":{"line":73,"column":4},"end":{"line":75,"column":5}},"39":{"start":{"line":74,"column":6},"end":{"line":74,"column":73}},"40":{"start":{"line":77,"column":4},"end":{"line":77,"column":39}},"41":{"start":{"line":81,"column":14},"end":{"line":97,"column":3}},"42":{"start":{"line":82,"column":21},"end":{"line":93,"column":5}},"43":{"start":{"line":95,"column":4},"end":{"line":95,"column":36}},"44":{"start":{"line":96,"column":4},"end":{"line":96,"column":22}},"45":{"start":{"line":100,"column":22},"end":{"line":108,"column":3}},"46":{"start":{"line":101,"column":24},"end":{"line":101,"column":26}},"47":{"start":{"line":103,"column":4},"end":{"line":105,"column":7}},"48":{"start":{"line":104,"column":6},"end":{"line":104,"column":49}},"49":{"start":{"line":107,"column":4},"end":{"line":107,"column":25}},"50":{"start":{"line":110,"column":17},"end":{"line":144,"column":3}},"51":{"start":{"line":111,"column":4},"end":{"line":141,"column":5}},"52":{"start":{"line":112,"column":6},"end":{"line":116,"column":9}},"53":{"start":{"line":113,"column":17},"end":{"line":113,"column":40}},"54":{"start":{"line":114,"column":17},"end":{"line":114,"column":40}},"55":{"start":{"line":115,"column":8},"end":{"line":115,"column":23}},"56":{"start":{"line":117,"column":11},"end":{"line":141,"column":5}},"57":{"start":{"line":118,"column":6},"end":{"line":122,"column":9}},"58":{"start":{"line":119,"column":17},"end":{"line":119,"column":40}},"59":{"start":{"line":120,"column":17},"end":{"line":120,"column":40}},"60":{"start":{"line":121,"column":8},"end":{"line":121,"column":23}},"61":{"start":{"line":123,"column":11},"end":{"line":141,"column":5}},"62":{"start":{"line":124,"column":6},"end":{"line":131,"column":9}},"63":{"start":{"line":125,"column":8},"end":{"line":129,"column":9}},"64":{"start":{"line":126,"column":10},"end":{"line":126,"column":20}},"65":{"start":{"line":127,"column":15},"end":{"line":129,"column":9}},"66":{"start":{"line":128,"column":10},"end":{"line":128,"column":19}},"67":{"start":{"line":130,"column":8},"end":{"line":130,"column":17}},"68":{"start":{"line":132,"column":11},"end":{"line":141,"column":5}},"69":{"start":{"line":133,"column":6},"end":{"line":140,"column":9}},"70":{"start":{"line":134,"column":8},"end":{"line":138,"column":9}},"71":{"start":{"line":135,"column":10},"end":{"line":135,"column":20}},"72":{"start":{"line":136,"column":15},"end":{"line":138,"column":9}},"73":{"start":{"line":137,"column":10},"end":{"line":137,"column":19}},"74":{"start":{"line":139,"column":8},"end":{"line":139,"column":17}},"75":{"start":{"line":143,"column":4},"end":{"line":143,"column":31}},"76":{"start":{"line":146,"column":2},"end":{"line":153,"column":4}}},"fnMap":{"0":{"name":"articleRepository","decl":{"start":{"line":8,"column":24},"end":{"line":8,"column":41}},"loc":{"start":{"line":8,"column":44},"end":{"line":154,"column":1}},"line":8},"1":{"name":"(anonymous_1)","decl":{"start":{"line":10,"column":19},"end":{"line":10,"column":20}},"loc":{"start":{"line":10,"column":27},"end":{"line":20,"column":3}},"line":10},"2":{"name":"(anonymous_2)","decl":{"start":{"line":12,"column":27},"end":{"line":12,"column":28}},"loc":{"start":{"line":12,"column":40},"end":{"line":17,"column":5}},"line":12},"3":{"name":"(anonymous_3)","decl":{"start":{"line":23,"column":22},"end":{"line":23,"column":23}},"loc":{"start":{"line":23,"column":43},"end":{"line":33,"column":3}},"line":23},"4":{"name":"(anonymous_4)","decl":{"start":{"line":25,"column":27},"end":{"line":25,"column":28}},"loc":{"start":{"line":25,"column":40},"end":{"line":30,"column":5}},"line":25},"5":{"name":"(anonymous_5)","decl":{"start":{"line":36,"column":25},"end":{"line":36,"column":26}},"loc":{"start":{"line":36,"column":65},"end":{"line":52,"column":3}},"line":36},"6":{"name":"(anonymous_6)","decl":{"start":{"line":39,"column":27},"end":{"line":39,"column":28}},"loc":{"start":{"line":39,"column":40},"end":{"line":39,"column":68}},"line":39},"7":{"name":"(anonymous_7)","decl":{"start":{"line":55,"column":24},"end":{"line":55,"column":25}},"loc":{"start":{"line":55,"column":71},"end":{"line":78,"column":3}},"line":55},"8":{"name":"(anonymous_8)","decl":{"start":{"line":58,"column":36},"end":{"line":58,"column":37}},"loc":{"start":{"line":59,"column":8},"end":{"line":59,"column":65}},"line":59},"9":{"name":"(anonymous_9)","decl":{"start":{"line":63,"column":8},"end":{"line":63,"column":9}},"loc":{"start":{"line":64,"column":10},"end":{"line":64,"column":71}},"line":64},"10":{"name":"(anonymous_10)","decl":{"start":{"line":81,"column":14},"end":{"line":81,"column":15}},"loc":{"start":{"line":81,"column":37},"end":{"line":97,"column":3}},"line":81},"11":{"name":"(anonymous_11)","decl":{"start":{"line":100,"column":22},"end":{"line":100,"column":23}},"loc":{"start":{"line":100,"column":46},"end":{"line":108,"column":3}},"line":100},"12":{"name":"(anonymous_12)","decl":{"start":{"line":103,"column":21},"end":{"line":103,"column":22}},"loc":{"start":{"line":103,"column":34},"end":{"line":105,"column":5}},"line":103},"13":{"name":"(anonymous_13)","decl":{"start":{"line":110,"column":17},"end":{"line":110,"column":18}},"loc":{"start":{"line":110,"column":29},"end":{"line":144,"column":3}},"line":110},"14":{"name":"(anonymous_14)","decl":{"start":{"line":112,"column":33},"end":{"line":112,"column":34}},"loc":{"start":{"line":112,"column":43},"end":{"line":116,"column":7}},"line":112},"15":{"name":"(anonymous_15)","decl":{"start":{"line":118,"column":33},"end":{"line":118,"column":34}},"loc":{"start":{"line":118,"column":43},"end":{"line":122,"column":7}},"line":118},"16":{"name":"(anonymous_16)","decl":{"start":{"line":124,"column":33},"end":{"line":124,"column":34}},"loc":{"start":{"line":124,"column":43},"end":{"line":131,"column":7}},"line":124},"17":{"name":"(anonymous_17)","decl":{"start":{"line":133,"column":33},"end":{"line":133,"column":34}},"loc":{"start":{"line":133,"column":43},"end":{"line":140,"column":7}},"line":133}},"branchMap":{"0":{"loc":{"start":{"line":13,"column":6},"end":{"line":16,"column":7}},"type":"if","locations":[{"start":{"line":13,"column":6},"end":{"line":16,"column":7}},{"start":{},"end":{}}],"line":13},"1":{"loc":{"start":{"line":26,"column":6},"end":{"line":29,"column":7}},"type":"if","locations":[{"start":{"line":26,"column":6},"end":{"line":29,"column":7}},{"start":{},"end":{}}],"line":26},"2":{"loc":{"start":{"line":26,"column":10},"end":{"line":26,"column":71}},"type":"binary-expr","locations":[{"start":{"line":26,"column":10},"end":{"line":26,"column":39}},{"start":{"line":26,"column":43},"end":{"line":26,"column":71}}],"line":26},"3":{"loc":{"start":{"line":38,"column":4},"end":{"line":40,"column":5}},"type":"if","locations":[{"start":{"line":38,"column":4},"end":{"line":40,"column":5}},{"start":{},"end":{}}],"line":38},"4":{"loc":{"start":{"line":43,"column":22},"end":{"line":43,"column":52}},"type":"cond-expr","locations":[{"start":{"line":43,"column":37},"end":{"line":43,"column":38}},{"start":{"line":43,"column":41},"end":{"line":43,"column":52}}],"line":43},"5":{"loc":{"start":{"line":47,"column":4},"end":{"line":49,"column":5}},"type":"if","locations":[{"start":{"line":47,"column":4},"end":{"line":49,"column":5}},{"start":{},"end":{}}],"line":47},"6":{"loc":{"start":{"line":57,"column":4},"end":{"line":66,"column":5}},"type":"if","locations":[{"start":{"line":57,"column":4},"end":{"line":66,"column":5}},{"start":{"line":61,"column":11},"end":{"line":66,"column":5}}],"line":57},"7":{"loc":{"start":{"line":64,"column":10},"end":{"line":64,"column":71}},"type":"binary-expr","locations":[{"start":{"line":64,"column":10},"end":{"line":64,"column":39}},{"start":{"line":64,"column":43},"end":{"line":64,"column":71}}],"line":64},"8":{"loc":{"start":{"line":69,"column":22},"end":{"line":69,"column":52}},"type":"cond-expr","locations":[{"start":{"line":69,"column":37},"end":{"line":69,"column":38}},{"start":{"line":69,"column":41},"end":{"line":69,"column":52}}],"line":69},"9":{"loc":{"start":{"line":73,"column":4},"end":{"line":75,"column":5}},"type":"if","locations":[{"start":{"line":73,"column":4},"end":{"line":75,"column":5}},{"start":{},"end":{}}],"line":73},"10":{"loc":{"start":{"line":84,"column":6},"end":{"line":84,"column":20}},"type":"binary-expr","locations":[{"start":{"line":84,"column":6},"end":{"line":84,"column":14}},{"start":{"line":84,"column":18},"end":{"line":84,"column":20}}],"line":84},"11":{"loc":{"start":{"line":111,"column":4},"end":{"line":141,"column":5}},"type":"if","locations":[{"start":{"line":111,"column":4},"end":{"line":141,"column":5}},{"start":{"line":117,"column":11},"end":{"line":141,"column":5}}],"line":111},"12":{"loc":{"start":{"line":117,"column":11},"end":{"line":141,"column":5}},"type":"if","locations":[{"start":{"line":117,"column":11},"end":{"line":141,"column":5}},{"start":{"line":123,"column":11},"end":{"line":141,"column":5}}],"line":117},"13":{"loc":{"start":{"line":123,"column":11},"end":{"line":141,"column":5}},"type":"if","locations":[{"start":{"line":123,"column":11},"end":{"line":141,"column":5}},{"start":{"line":132,"column":11},"end":{"line":141,"column":5}}],"line":123},"14":{"loc":{"start":{"line":125,"column":8},"end":{"line":129,"column":9}},"type":"if","locations":[{"start":{"line":125,"column":8},"end":{"line":129,"column":9}},{"start":{"line":127,"column":15},"end":{"line":129,"column":9}}],"line":125},"15":{"loc":{"start":{"line":127,"column":15},"end":{"line":129,"column":9}},"type":"if","locations":[{"start":{"line":127,"column":15},"end":{"line":129,"column":9}},{"start":{},"end":{}}],"line":127},"16":{"loc":{"start":{"line":132,"column":11},"end":{"line":141,"column":5}},"type":"if","locations":[{"start":{"line":132,"column":11},"end":{"line":141,"column":5}},{"start":{},"end":{}}],"line":132},"17":{"loc":{"start":{"line":134,"column":8},"end":{"line":138,"column":9}},"type":"if","locations":[{"start":{"line":134,"column":8},"end":{"line":138,"column":9}},{"start":{"line":136,"column":15},"end":{"line":138,"column":9}}],"line":134},"18":{"loc":{"start":{"line":136,"column":15},"end":{"line":138,"column":9}},"type":"if","locations":[{"start":{"line":136,"column":15},"end":{"line":138,"column":9}},{"start":{},"end":{}}],"line":136}},"s":{"0":3,"1":3,"2":2,"3":2,"4":16,"5":1,"6":1,"7":2,"8":3,"9":6,"10":6,"11":366,"12":4,"13":4,"14":6,"15":3,"16":10,"17":10,"18":3,"19":130,"20":10,"21":10,"22":10,"23":10,"24":10,"25":7,"26":3,"27":3,"28":8,"29":8,"30":4,"31":138,"32":4,"33":244,"34":8,"35":8,"36":8,"37":8,"38":8,"39":3,"40":5,"41":3,"42":129,"43":129,"44":129,"45":3,"46":9,"47":9,"48":124,"49":9,"50":3,"51":18,"52":6,"53":1095,"54":1095,"55":1095,"56":12,"57":1,"58":18,"59":18,"60":18,"61":11,"62":1,"63":16,"64":11,"65":5,"66":4,"67":1,"68":10,"69":1,"70":18,"71":17,"72":1,"73":0,"74":1,"75":9,"76":3},"f":{"0":3,"1":2,"2":16,"3":6,"4":366,"5":10,"6":130,"7":8,"8":138,"9":244,"10":129,"11":9,"12":124,"13":18,"14":1095,"15":18,"16":16,"17":18},"b":{"0":[1,15],"1":[4,362],"2":[366,6],"3":[3,7],"4":[0,10],"5":[7,3],"6":[4,4],"7":[244,8],"8":[0,8],"9":[3,5],"10":[129,0],"11":[6,12],"12":[1,11],"13":[1,10],"14":[11,5],"15":[4,1],"16":[1,9],"17":[17,1],"18":[0,1]},"_coverageSchema":"1a1c01bbd47fc00a2c39e90264f33305004495a9","hash":"02d3af1f172ac1d76dff2fa8cf74fa1837d55600"}
,"/Users/administrator/Desktop/News App/newsapp-backend/src/frameworks/repositories/category/index.js": {"path":"/Users/administrator/Desktop/News App/newsapp-backend/src/frameworks/repositories/category/index.js","statementMap":{"0":{"start":{"line":4,"column":18},"end":{"line":12,"column":3}},"1":{"start":{"line":4,"column":24},"end":{"line":12,"column":3}},"2":{"start":{"line":14,"column":2},"end":{"line":16,"column":4}}},"fnMap":{"0":{"name":"categoryRepository","decl":{"start":{"line":2,"column":24},"end":{"line":2,"column":42}},"loc":{"start":{"line":2,"column":45},"end":{"line":17,"column":1}},"line":2},"1":{"name":"(anonymous_1)","decl":{"start":{"line":4,"column":18},"end":{"line":4,"column":19}},"loc":{"start":{"line":4,"column":24},"end":{"line":12,"column":3}},"line":4}},"branchMap":{},"s":{"0":3,"1":5,"2":3},"f":{"0":3,"1":5},"b":{},"_coverageSchema":"1a1c01bbd47fc00a2c39e90264f33305004495a9","hash":"7b9a55a09afa1843a731e8d931f49ad8ab3c3ac7"}
,"/Users/administrator/Desktop/News App/newsapp-backend/src/frameworks/services/article/index.js": {"path":"/Users/administrator/Desktop/News App/newsapp-backend/src/frameworks/services/article/index.js","statementMap":{"0":{"start":{"line":7,"column":24},"end":{"line":11,"column":3}},"1":{"start":{"line":9,"column":14},"end":{"line":9,"column":89}},"2":{"start":{"line":10,"column":4},"end":{"line":10,"column":26}},"3":{"start":{"line":13,"column":2},"end":{"line":15,"column":4}}},"fnMap":{"0":{"name":"articleService","decl":{"start":{"line":5,"column":24},"end":{"line":5,"column":38}},"loc":{"start":{"line":5,"column":41},"end":{"line":16,"column":1}},"line":5},"1":{"name":"(anonymous_1)","decl":{"start":{"line":7,"column":24},"end":{"line":7,"column":25}},"loc":{"start":{"line":7,"column":38},"end":{"line":11,"column":3}},"line":7}},"branchMap":{},"s":{"0":2,"1":14,"2":14,"3":2},"f":{"0":2,"1":14},"b":{},"_coverageSchema":"1a1c01bbd47fc00a2c39e90264f33305004495a9","hash":"0a841f4101959f31e50efd99d2b14d3982ff58ea"}
,"/Users/administrator/Desktop/News App/newsapp-backend/src/frameworks/services/email/index.js": {"path":"/Users/administrator/Desktop/News App/newsapp-backend/src/frameworks/services/email/index.js","statementMap":{"0":{"start":{"line":7,"column":18},"end":{"line":17,"column":4}},"1":{"start":{"line":20,"column":20},"end":{"line":27,"column":3}},"2":{"start":{"line":22,"column":4},"end":{"line":26,"column":7}},"3":{"start":{"line":23,"column":6},"end":{"line":25,"column":7}},"4":{"start":{"line":24,"column":8},"end":{"line":24,"column":25}},"5":{"start":{"line":29,"column":2},"end":{"line":31,"column":4}}},"fnMap":{"0":{"name":"emailService","decl":{"start":{"line":5,"column":24},"end":{"line":5,"column":36}},"loc":{"start":{"line":5,"column":39},"end":{"line":32,"column":1}},"line":5},"1":{"name":"(anonymous_1)","decl":{"start":{"line":20,"column":20},"end":{"line":20,"column":21}},"loc":{"start":{"line":20,"column":49},"end":{"line":27,"column":3}},"line":20},"2":{"name":"(anonymous_2)","decl":{"start":{"line":22,"column":52},"end":{"line":22,"column":53}},"loc":{"start":{"line":22,"column":61},"end":{"line":26,"column":5}},"line":22}},"branchMap":{"0":{"loc":{"start":{"line":12,"column":12},"end":{"line":12,"column":50}},"type":"cond-expr","locations":[{"start":{"line":12,"column":38},"end":{"line":12,"column":42}},{"start":{"line":12,"column":45},"end":{"line":12,"column":50}}],"line":12},"1":{"loc":{"start":{"line":23,"column":6},"end":{"line":25,"column":7}},"type":"if","locations":[{"start":{"line":23,"column":6},"end":{"line":25,"column":7}},{"start":{},"end":{}}],"line":23}},"s":{"0":0,"1":0,"2":0,"3":0,"4":0,"5":0},"f":{"0":0,"1":0,"2":0},"b":{"0":[0,0],"1":[0,0]},"_coverageSchema":"1a1c01bbd47fc00a2c39e90264f33305004495a9","hash":"73340b5058b3f5b7535fdc10bc8de3608ff83454"}
,"/Users/administrator/Desktop/News App/newsapp-backend/src/frameworks/webserver/express.js": {"path":"/Users/administrator/Desktop/News App/newsapp-backend/src/frameworks/webserver/express.js","statementMap":{"0":{"start":{"line":6,"column":2},"end":{"line":11,"column":4}},"1":{"start":{"line":14,"column":2},"end":{"line":14,"column":46}},"2":{"start":{"line":15,"column":2},"end":{"line":21,"column":4}},"3":{"start":{"line":23,"column":2},"end":{"line":38,"column":5}},"4":{"start":{"line":25,"column":4},"end":{"line":28,"column":6}},"5":{"start":{"line":31,"column":4},"end":{"line":34,"column":6}},"6":{"start":{"line":37,"column":4},"end":{"line":37,"column":11}}},"fnMap":{"0":{"name":"expressConfig","decl":{"start":{"line":5,"column":24},"end":{"line":5,"column":37}},"loc":{"start":{"line":5,"column":43},"end":{"line":39,"column":1}},"line":5},"1":{"name":"(anonymous_1)","decl":{"start":{"line":23,"column":10},"end":{"line":23,"column":11}},"loc":{"start":{"line":23,"column":30},"end":{"line":38,"column":3}},"line":23}},"branchMap":{},"s":{"0":2,"1":2,"2":2,"3":2,"4":9,"5":9,"6":9},"f":{"0":2,"1":9},"b":{},"_coverageSchema":"1a1c01bbd47fc00a2c39e90264f33305004495a9","hash":"9efb2ba4b6104fcb0b55645af9e4962bc7405032"}
,"/Users/administrator/Desktop/News App/newsapp-backend/src/frameworks/webserver/server.js": {"path":"/Users/administrator/Desktop/News App/newsapp-backend/src/frameworks/webserver/server.js","statementMap":{"0":{"start":{"line":8,"column":4},"end":{"line":12,"column":14}},"1":{"start":{"line":15,"column":4},"end":{"line":22,"column":6}},"2":{"start":{"line":25,"column":2},"end":{"line":25,"column":25}}},"fnMap":{"0":{"name":"serverConfig","decl":{"start":{"line":4,"column":24},"end":{"line":4,"column":36}},"loc":{"start":{"line":4,"column":50},"end":{"line":26,"column":1}},"line":4},"1":{"name":"startServer","decl":{"start":{"line":6,"column":11},"end":{"line":6,"column":22}},"loc":{"start":{"line":6,"column":66},"end":{"line":23,"column":3}},"line":6}},"branchMap":{},"s":{"0":2,"1":2,"2":2},"f":{"0":2,"1":2},"b":{},"_coverageSchema":"1a1c01bbd47fc00a2c39e90264f33305004495a9","hash":"e8669df57068eb3d0dfb22ecdfe6aace04bae5fd"}
,"/Users/administrator/Desktop/News App/newsapp-backend/src/frameworks/webserver/routes/index.js": {"path":"/Users/administrator/Desktop/News App/newsapp-backend/src/frameworks/webserver/routes/index.js","statementMap":{"0":{"start":{"line":7,"column":2},"end":{"line":7,"column":69}},"1":{"start":{"line":8,"column":2},"end":{"line":8,"column":73}},"2":{"start":{"line":9,"column":2},"end":{"line":9,"column":68}}},"fnMap":{"0":{"name":"routes","decl":{"start":{"line":6,"column":24},"end":{"line":6,"column":30}},"loc":{"start":{"line":6,"column":49},"end":{"line":10,"column":1}},"line":6}},"branchMap":{},"s":{"0":2,"1":2,"2":2},"f":{"0":2},"b":{},"_coverageSchema":"1a1c01bbd47fc00a2c39e90264f33305004495a9","hash":"790b26aeebaa294534949c3b5c34c7c57e9a7db0"}
,"/Users/administrator/Desktop/News App/newsapp-backend/src/frameworks/webserver/routes/article/index.js": {"path":"/Users/administrator/Desktop/News App/newsapp-backend/src/frameworks/webserver/routes/article/index.js","statementMap":{"0":{"start":{"line":5,"column":17},"end":{"line":5,"column":43}},"1":{"start":{"line":8,"column":2},"end":{"line":8,"column":69}},"2":{"start":{"line":9,"column":2},"end":{"line":9,"column":67}},"3":{"start":{"line":10,"column":2},"end":{"line":10,"column":72}},"4":{"start":{"line":12,"column":2},"end":{"line":12,"column":16}}},"fnMap":{"0":{"name":"articleRouter","decl":{"start":{"line":4,"column":24},"end":{"line":4,"column":37}},"loc":{"start":{"line":4,"column":50},"end":{"line":13,"column":1}},"line":4}},"branchMap":{},"s":{"0":2,"1":2,"2":2,"3":2,"4":2},"f":{"0":2},"b":{},"_coverageSchema":"1a1c01bbd47fc00a2c39e90264f33305004495a9","hash":"985b5a8d4b37eb14af2da4a407b9c2c4d5439978"}
,"/Users/administrator/Desktop/News App/newsapp-backend/src/frameworks/webserver/routes/category/index.js": {"path":"/Users/administrator/Desktop/News App/newsapp-backend/src/frameworks/webserver/routes/category/index.js","statementMap":{"0":{"start":{"line":5,"column":17},"end":{"line":5,"column":33}},"1":{"start":{"line":8,"column":2},"end":{"line":8,"column":55}},"2":{"start":{"line":10,"column":2},"end":{"line":10,"column":16}}},"fnMap":{"0":{"name":"categoryRouter","decl":{"start":{"line":4,"column":24},"end":{"line":4,"column":38}},"loc":{"start":{"line":4,"column":51},"end":{"line":11,"column":1}},"line":4}},"branchMap":{},"s":{"0":2,"1":2,"2":2},"f":{"0":2},"b":{},"_coverageSchema":"1a1c01bbd47fc00a2c39e90264f33305004495a9","hash":"d389c8176923654f91bbf28ba02ef49e80ec50ad"}
,"/Users/administrator/Desktop/News App/newsapp-backend/src/frameworks/webserver/routes/service/index.js": {"path":"/Users/administrator/Desktop/News App/newsapp-backend/src/frameworks/webserver/routes/service/index.js","statementMap":{"0":{"start":{"line":5,"column":17},"end":{"line":5,"column":43}},"1":{"start":{"line":8,"column":2},"end":{"line":8,"column":55}},"2":{"start":{"line":10,"column":2},"end":{"line":10,"column":16}}},"fnMap":{"0":{"name":"serviceRouter","decl":{"start":{"line":4,"column":24},"end":{"line":4,"column":37}},"loc":{"start":{"line":4,"column":50},"end":{"line":11,"column":1}},"line":4}},"branchMap":{},"s":{"0":2,"1":2,"2":2},"f":{"0":2},"b":{},"_coverageSchema":"1a1c01bbd47fc00a2c39e90264f33305004495a9","hash":"47c2325217bc4a6a4bfc17ec37574469475b1944"}
}
