TN:
SF:src/adapter/controller/index.js
FN:6,initControllers
FNF:1
FNH:1
FNDA:2,initControllers
DA:12,2
DA:15,2
DA:18,2
DA:20,2
LF:4
LH:4
BRF:0
BRH:0
end_of_record
TN:
SF:src/adapter/controller/article/index.js
FN:6,articleController
FN:11,(anonymous_1)
FN:35,(anonymous_2)
FN:81,(anonymous_3)
FNF:4
FNH:4
FNDA:2,articleController
FNDA:3,(anonymous_1)
FNDA:2,(anonymous_2)
FNDA:3,(anonymous_3)
DA:7,2
DA:8,2
DA:11,2
DA:12,3
DA:13,3
DA:14,3
DA:17,3
DA:18,1
DA:24,1
DA:25,1
DA:28,2
DA:35,2
DA:36,2
DA:37,2
DA:38,2
DA:39,2
DA:41,2
DA:42,2
DA:44,0
DA:47,2
DA:54,2
DA:55,1
DA:66,1
DA:67,1
DA:70,1
DA:77,1
DA:81,2
DA:82,3
DA:83,3
DA:84,3
DA:85,3
DA:86,3
DA:88,3
DA:89,3
DA:91,0
DA:94,3
DA:102,3
DA:103,1
DA:115,1
DA:116,1
DA:119,2
DA:127,2
DA:130,2
LF:43
LH:41
BRDA:17,0,0,1
BRDA:17,0,1,2
BRDA:38,1,0,2
BRDA:38,1,1,1
BRDA:54,2,0,1
BRDA:54,2,1,1
BRDA:85,3,0,3
BRDA:85,3,1,1
BRDA:102,4,0,1
BRDA:102,4,1,2
BRF:10
BRH:10
end_of_record
TN:
SF:src/adapter/controller/categories/index.js
FN:5,categoryController
FN:10,(anonymous_1)
FNF:2
FNH:2
FNDA:2,categoryController
FNDA:1,(anonymous_1)
DA:6,2
DA:7,2
DA:10,2
DA:11,1
DA:17,1
DA:20,2
LF:6
LH:6
BRF:0
BRH:0
end_of_record
TN:
SF:src/adapter/controller/service/index.js
FN:6,serviceController
FN:11,(anonymous_1)
FNF:2
FNH:1
FNDA:2,serviceController
FNDA:0,(anonymous_1)
DA:7,2
DA:8,2
DA:11,2
DA:12,0
DA:13,0
DA:14,0
DA:17,0
DA:18,0
DA:21,0
DA:22,0
DA:28,0
DA:32,0
DA:37,0
DA:40,2
LF:14
LH:4
BRDA:14,0,0,0
BRDA:14,0,1,0
BRDA:21,1,0,0
BRDA:21,1,1,0
BRDA:21,2,0,0
BRDA:21,2,1,0
BRF:6
BRH:0
end_of_record
TN:
SF:src/application/repositories/article/index.js
FN:2,articleRepository
FN:4,(anonymous_1)
FN:7,(anonymous_2)
FN:11,(anonymous_3)
FN:15,(anonymous_4)
FN:19,(anonymous_5)
FN:22,(anonymous_6)
FNF:7
FNH:7
FNDA:6,articleRepository
FNDA:2,(anonymous_1)
FNDA:6,(anonymous_2)
FNDA:10,(anonymous_3)
FNDA:8,(anonymous_4)
FNDA:5,(anonymous_5)
FNDA:9,(anonymous_6)
DA:4,6
DA:7,6
DA:8,6
DA:11,6
DA:12,10
DA:15,6
DA:16,8
DA:19,6
DA:22,6
DA:23,9
DA:25,6
LF:11
LH:11
BRF:0
BRH:0
end_of_record
TN:
SF:src/application/repositories/category/index.js
FN:2,categoryRepository
FN:4,(anonymous_1)
FNF:2
FNH:2
FNDA:6,categoryRepository
FNDA:6,(anonymous_1)
DA:4,6
DA:6,6
LF:2
LH:2
BRF:0
BRH:0
end_of_record
TN:
SF:src/application/services/article/index.js
FN:5,articleService
FN:15,(anonymous_1)
FN:20,(anonymous_2)
FN:24,(anonymous_3)
FN:28,(anonymous_4)
FN:37,(anonymous_5)
FNF:6
FNH:5
FNDA:2,articleService
FNDA:14,(anonymous_1)
FNDA:2,(anonymous_2)
FNDA:14,(anonymous_3)
FNDA:0,(anonymous_4)
FNDA:14,(anonymous_5)
DA:11,2
DA:12,2
DA:15,2
DA:16,14
DA:20,2
DA:21,2
DA:22,2
DA:24,2
DA:26,14
DA:27,14
DA:30,0
DA:31,0
DA:34,0
DA:39,14
DA:42,2
DA:45,2
LF:16
LH:13
BRDA:30,0,0,0
BRDA:30,0,1,0
BRDA:30,1,0,0
BRDA:30,1,1,0
BRDA:31,2,0,0
BRDA:31,2,1,0
BRF:6
BRH:0
end_of_record
TN:
SF:src/application/services/email/index.js
FN:4,emailService
FN:6,(anonymous_1)
FNF:2
FNH:1
FNDA:2,emailService
FNDA:0,(anonymous_1)
DA:6,2
DA:7,0
DA:10,0
DA:13,0
DA:17,0
DA:20,2
LF:6
LH:2
BRDA:7,0,0,0
BRDA:7,0,1,0
BRDA:8,1,0,0
BRDA:8,1,1,0
BRDA:10,2,0,0
BRDA:10,2,1,0
BRDA:11,3,0,0
BRDA:11,3,1,0
BRDA:13,4,0,0
BRDA:13,4,1,0
BRDA:14,5,0,0
BRDA:14,5,1,0
BRF:12
BRH:0
end_of_record
TN:
SF:src/application/services/validation/index.js
FN:2,validationService
FN:4,(anonymous_1)
FN:10,(anonymous_2)
FNF:3
FNH:1
FNDA:2,validationService
FNDA:0,(anonymous_1)
FNDA:0,(anonymous_2)
DA:4,2
DA:5,0
DA:6,0
DA:10,2
DA:12,0
DA:16,0
DA:19,2
LF:7
LH:3
BRDA:6,0,0,0
BRDA:6,0,1,0
BRDA:16,1,0,0
BRDA:16,1,1,0
BRF:4
BRH:0
end_of_record
TN:
SF:src/application/use_cases/article/index.js
FN:4,articleUseCase
FN:6,(anonymous_1)
FN:11,(anonymous_2)
FN:16,(anonymous_3)
FNF:4
FNH:4
FNDA:2,articleUseCase
FNDA:3,(anonymous_1)
FNDA:2,(anonymous_2)
FNDA:3,(anonymous_3)
DA:6,2
DA:7,3
DA:11,2
DA:12,2
DA:16,2
DA:18,3
DA:19,3
DA:28,0
DA:31,2
LF:9
LH:8
BRDA:18,0,0,3
BRDA:18,0,1,0
BRDA:18,1,0,3
BRDA:18,1,1,3
BRF:4
BRH:3
end_of_record
TN:
SF:src/application/use_cases/category/index.js
FN:2,categoryUseCase
FN:4,(anonymous_1)
FNF:2
FNH:2
FNDA:2,categoryUseCase
FNDA:1,(anonymous_1)
DA:4,2
DA:5,1
DA:8,2
LF:3
LH:3
BRF:0
BRH:0
end_of_record
TN:
SF:src/config/config.js
FNF:0
FNH:0
DA:4,2
LF:1
LH:1
BRDA:7,0,0,2
BRDA:7,0,1,0
BRDA:8,1,0,2
BRDA:8,1,1,0
BRDA:9,2,0,2
BRDA:9,2,1,0
BRDA:16,3,0,2
BRDA:16,3,1,0
BRF:8
BRH:4
end_of_record
TN:
SF:src/entities/article/index.js
FN:2,(anonymous_0)
FNF:1
FNH:1
FNDA:129,(anonymous_0)
DA:13,129
LF:1
LH:1
BRDA:5,0,0,127
BRDA:6,1,0,0
BRDA:7,2,0,0
BRDA:8,3,0,0
BRDA:9,4,0,0
BRDA:10,5,0,0
BRDA:11,6,0,0
BRDA:12,7,0,0
BRF:8
BRH:1
end_of_record
TN:
SF:src/entities/constants/index.js
FNF:0
FNH:0
DA:1,3
LF:1
LH:1
BRF:0
BRH:0
end_of_record
TN:
SF:src/frameworks/repositories/article/index.js
FN:8,articleRepository
FN:10,(anonymous_1)
FN:12,(anonymous_2)
FN:23,(anonymous_3)
FN:25,(anonymous_4)
FN:36,(anonymous_5)
FN:39,(anonymous_6)
FN:55,(anonymous_7)
FN:58,(anonymous_8)
FN:63,(anonymous_9)
FN:81,(anonymous_10)
FN:100,(anonymous_11)
FN:103,(anonymous_12)
FN:110,(anonymous_13)
FN:112,(anonymous_14)
FN:118,(anonymous_15)
FN:124,(anonymous_16)
FN:133,(anonymous_17)
FNF:18
FNH:18
FNDA:3,articleRepository
FNDA:2,(anonymous_1)
FNDA:16,(anonymous_2)
FNDA:6,(anonymous_3)
FNDA:366,(anonymous_4)
FNDA:10,(anonymous_5)
FNDA:130,(anonymous_6)
FNDA:8,(anonymous_7)
FNDA:138,(anonymous_8)
FNDA:244,(anonymous_9)
FNDA:129,(anonymous_10)
FNDA:9,(anonymous_11)
FNDA:124,(anonymous_12)
FNDA:18,(anonymous_13)
FNDA:1095,(anonymous_14)
FNDA:18,(anonymous_15)
FNDA:16,(anonymous_16)
FNDA:18,(anonymous_17)
DA:5,3
DA:10,3
DA:11,2
DA:12,2
DA:13,16
DA:14,1
DA:15,1
DA:19,2
DA:23,3
DA:24,6
DA:25,6
DA:26,366
DA:27,4
DA:28,4
DA:32,6
DA:36,3
DA:37,10
DA:38,10
DA:39,130
DA:42,10
DA:43,10
DA:44,10
DA:45,10
DA:47,10
DA:48,7
DA:51,3
DA:55,3
DA:56,8
DA:57,8
DA:58,4
DA:59,138
DA:62,4
DA:64,244
DA:68,8
DA:69,8
DA:70,8
DA:71,8
DA:73,8
DA:74,3
DA:77,5
DA:81,3
DA:82,129
DA:95,129
DA:96,129
DA:100,3
DA:101,9
DA:103,9
DA:104,124
DA:107,9
DA:110,3
DA:111,18
DA:112,6
DA:113,1095
DA:114,1095
DA:115,1095
DA:117,12
DA:118,1
DA:119,18
DA:120,18
DA:121,18
DA:123,11
DA:124,1
DA:125,16
DA:126,11
DA:127,5
DA:128,4
DA:130,1
DA:132,10
DA:133,1
DA:134,18
DA:135,17
DA:136,1
DA:137,0
DA:139,1
DA:143,9
DA:146,3
LF:76
LH:75
BRDA:13,0,0,1
BRDA:13,0,1,15
BRDA:26,1,0,4
BRDA:26,1,1,362
BRDA:26,2,0,366
BRDA:26,2,1,6
BRDA:38,3,0,3
BRDA:38,3,1,7
BRDA:43,4,0,0
BRDA:43,4,1,10
BRDA:47,5,0,7
BRDA:47,5,1,3
BRDA:57,6,0,4
BRDA:57,6,1,4
BRDA:64,7,0,244
BRDA:64,7,1,8
BRDA:69,8,0,0
BRDA:69,8,1,8
BRDA:73,9,0,3
BRDA:73,9,1,5
BRDA:84,10,0,129
BRDA:84,10,1,0
BRDA:111,11,0,6
BRDA:111,11,1,12
BRDA:117,12,0,1
BRDA:117,12,1,11
BRDA:123,13,0,1
BRDA:123,13,1,10
BRDA:125,14,0,11
BRDA:125,14,1,5
BRDA:127,15,0,4
BRDA:127,15,1,1
BRDA:132,16,0,1
BRDA:132,16,1,9
BRDA:134,17,0,17
BRDA:134,17,1,1
BRDA:136,18,0,0
BRDA:136,18,1,1
BRF:38
BRH:34
end_of_record
TN:
SF:src/frameworks/repositories/category/index.js
FN:2,categoryRepository
FN:4,(anonymous_1)
FNF:2
FNH:2
FNDA:3,categoryRepository
FNDA:5,(anonymous_1)
DA:4,5
DA:14,3
LF:2
LH:2
BRF:0
BRH:0
end_of_record
TN:
SF:src/frameworks/services/article/index.js
FN:5,articleService
FN:7,(anonymous_1)
FNF:2
FNH:2
FNDA:2,articleService
FNDA:14,(anonymous_1)
DA:7,2
DA:9,14
DA:10,14
DA:13,2
LF:4
LH:4
BRF:0
BRH:0
end_of_record
TN:
SF:src/frameworks/services/email/index.js
FN:5,emailService
FN:20,(anonymous_1)
FN:22,(anonymous_2)
FNF:3
FNH:0
FNDA:0,emailService
FNDA:0,(anonymous_1)
FNDA:0,(anonymous_2)
DA:7,0
DA:20,0
DA:22,0
DA:23,0
DA:24,0
DA:29,0
LF:6
LH:0
BRDA:12,0,0,0
BRDA:12,0,1,0
BRDA:23,1,0,0
BRDA:23,1,1,0
BRF:4
BRH:0
end_of_record
TN:
SF:src/frameworks/webserver/express.js
FN:5,expressConfig
FN:23,(anonymous_1)
FNF:2
FNH:2
FNDA:2,expressConfig
FNDA:9,(anonymous_1)
DA:6,2
DA:14,2
DA:15,2
DA:23,2
DA:25,9
DA:31,9
DA:37,9
LF:7
LH:7
BRF:0
BRH:0
end_of_record
TN:
SF:src/frameworks/webserver/server.js
FN:4,serverConfig
FN:6,startServer
FNF:2
FNH:2
FNDA:2,serverConfig
FNDA:2,startServer
DA:8,2
DA:15,2
DA:25,2
LF:3
LH:3
BRF:0
BRH:0
end_of_record
TN:
SF:src/frameworks/webserver/routes/index.js
FN:6,routes
FNF:1
FNH:1
FNDA:2,routes
DA:7,2
DA:8,2
DA:9,2
LF:3
LH:3
BRF:0
BRH:0
end_of_record
TN:
SF:src/frameworks/webserver/routes/article/index.js
FN:4,articleRouter
FNF:1
FNH:1
FNDA:2,articleRouter
DA:5,2
DA:8,2
DA:9,2
DA:10,2
DA:12,2
LF:5
LH:5
BRF:0
BRH:0
end_of_record
TN:
SF:src/frameworks/webserver/routes/category/index.js
FN:4,categoryRouter
FNF:1
FNH:1
FNDA:2,categoryRouter
DA:5,2
DA:8,2
DA:10,2
LF:3
LH:3
BRF:0
BRH:0
end_of_record
TN:
SF:src/frameworks/webserver/routes/service/index.js
FN:4,serviceRouter
FNF:1
FNH:1
FNDA:2,serviceRouter
DA:5,2
DA:8,2
DA:10,2
LF:3
LH:3
BRF:0
BRH:0
end_of_record
